[0615/205602.949:ERROR:process_memory_win.cc(73)] ReadMemory at 0x2b064620c20 of 72 bytes failed: Only part of a ReadProcessMemory or WriteProcessMemory request was completed. (0x12B)
[0615/205602.950:WARNING:pe_image_annotations_reader.cc(134)] could not read annotations list object in C:\Program Files (x86)\Google\Chrome\Application\83.0.4103.97\chrome_elf.dll
[0615/205602.950:ERROR:process_memory_win.cc(73)] ReadMemory at 0x2b064c40000 of 64 bytes failed: Only part of a ReadProcessMemory or WriteProcessMemory request was completed. (0x12B)
[0615/205602.950:WARNING:pe_image_reader.cc(340)] could not read dos header from C:\WINDOWS\System32\ADVAPI32.dll
[0615/205602.951:ERROR:process_memory_win.cc(73)] ReadMemory at 0x2b064d89750 of 72 bytes failed: Only part of a ReadProcessMemory or WriteProcessMemory request was completed. (0x12B)
[0615/205602.951:WARNING:pe_image_annotations_reader.cc(134)] could not read annotations list object in C:\Program Files (x86)\Google\Chrome\Application\83.0.4103.97\chrome.dll
[0615/205602.964:ERROR:process_memory_win.cc(73)] ReadMemory at 0x7ff67ac70000 of 64 bytes failed: Only part of a ReadProcessMemory or WriteProcessMemory request was completed. (0x12B)
[0615/205602.964:WARNING:pe_image_reader.cc(340)] could not read dos header from C:\Program Files (x86)\Google\Chrome\Application\chrome.exe
[0615/205602.964:ERROR:process_memory_win.cc(73)] ReadMemory at 0x7ff896eb0000 of 64 bytes failed: Only part of a ReadProcessMemory or WriteProcessMemory request was completed. (0x12B)
[0615/205602.964:WARNING:pe_image_reader.cc(340)] could not read dos header from C:\WINDOWS\SYSTEM32\ntdll.dll
[0615/205602.965:ERROR:process_memory_win.cc(73)] ReadMemory at 0x7ff895680000 of 64 bytes failed: Only part of a ReadProcessMemory or WriteProcessMemory request was completed. (0x12B)
[0615/205602.965:WARNING:pe_image_reader.cc(340)] could not read dos header from C:\WINDOWS\System32\KERNEL32.DLL
[0615/205602.965:ERROR:process_memory_win.cc(73)] ReadMemory at 0x7ff894c50000 of 64 bytes failed: Only part of a ReadProcessMemory or WriteProcessMemory request was completed. (0x12B)
[0615/205602.965:WARNING:pe_image_reader.cc(340)] could not read dos header from C:\WINDOWS\System32\KERNELBASE.dll
[0615/205602.965:ERROR:process_memory_win.cc(73)] ReadMemory at 0x7ff8377b0000 of 64 bytes failed: Only part of a ReadProcessMemory or WriteProcessMemory request was completed. (0x12B)
[0615/205602.965:WARNING:pe_image_reader.cc(340)] could not read dos header from C:\Program Files (x86)\Google\Chrome\Application\83.0.4103.97\chrome_elf.dll
[0615/205602.965:ERROR:process_memory_win.cc(73)] ReadMemory at 0x7ff889a10000 of 64 bytes failed: Only part of a ReadProcessMemory or WriteProcessMemory request was completed. (0x12B)
[0615/205602.965:WARNING:pe_image_reader.cc(340)] could not read dos header from C:\WINDOWS\SYSTEM32\VERSION.dll
[0615/205602.965:ERROR:process_memory_win.cc(73)] ReadMemory at 0x7ff896230000 of 64 bytes failed: Only part of a ReadProcessMemory or WriteProcessMemory request was completed. (0x12B)
[0615/205602.965:WARNING:pe_image_reader.cc(340)] could not read dos header from C:\WINDOWS\System32\msvcrt.dll
[0615/205602.965:ERROR:process_memory_win.cc(73)] ReadMemory at 0x2b064c40000 of 64 bytes failed: Only part of a ReadProcessMemory or WriteProcessMemory request was completed. (0x12B)
[0615/205602.965:WARNING:pe_image_reader.cc(340)] could not read dos header from C:\WINDOWS\System32\ADVAPI32.dll
[0615/205602.965:ERROR:process_memory_win.cc(73)] ReadMemory at 0x7ff894f20000 of 64 bytes failed: Only part of a ReadProcessMemory or WriteProcessMemory request was completed. (0x12B)
[0615/205602.965:WARNING:pe_image_reader.cc(340)] could not read dos header from C:\WINDOWS\System32\sechost.dll
[0615/205602.965:ERROR:process_memory_win.cc(73)] ReadMemory at 0x7ff895e10000 of 64 bytes failed: Only part of a ReadProcessMemory or WriteProcessMemory request was completed. (0x12B)
[0615/205602.966:WARNING:pe_image_reader.cc(340)] could not read dos header from C:\WINDOWS\System32\RPCRT4.dll
[0615/205602.966:ERROR:process_memory_win.cc(73)] ReadMemory at 0x7fffdf120000 of 64 bytes failed: Only part of a ReadProcessMemory or WriteProcessMemory request was completed. (0x12B)
[0615/205602.966:WARNING:pe_image_reader.cc(340)] could not read dos header from C:\Program Files (x86)\Google\Chrome\Application\83.0.4103.97\chrome.dll
[0615/205602.966:ERROR:process_memory_win.cc(73)] ReadMemory at 0x7ff896e00000 of 64 bytes failed: Only part of a ReadProcessMemory or WriteProcessMemory request was completed. (0x12B)
[0615/205602.966:WARNING:pe_image_reader.cc(340)] could not read dos header from C:\WINDOWS\System32\WS2_32.dll
[0615/205602.966:ERROR:process_memory_win.cc(73)] ReadMemory at 0x7ff895530000 of 64 bytes failed: Only part of a ReadProcessMemory or WriteProcessMemory request was completed. (0x12B)
[0615/205602.966:WARNING:pe_image_reader.cc(340)] could not read dos header from C:\WINDOWS\System32\OLEAUT32.dll
[0615/205602.966:ERROR:process_memory_win.cc(73)] ReadMemory at 0x7ff8949c0000 of 64 bytes failed: Only part of a ReadProcessMemory or WriteProcessMemory request was completed. (0x12B)
[0615/205602.966:WARNING:pe_image_reader.cc(340)] could not read dos header from C:\WINDOWS\System32\msvcp_win.dll
[0615/205602.966:ERROR:process_memory_win.cc(73)] ReadMemory at 0x7ff894600000 of 64 bytes failed: Only part of a ReadProcessMemory or WriteProcessMemory request was completed. (0x12B)
[0615/205602.966:WARNING:pe_image_reader.cc(340)] could not read dos header from C:\WINDOWS\System32\ucrtbase.dll
[0615/205602.966:ERROR:process_memory_win.cc(73)] ReadMemory at 0x7ff896300000 of 64 bytes failed: Only part of a ReadProcessMemory or WriteProcessMemory request was completed. (0x12B)
[0615/205602.966:WARNING:pe_image_reader.cc(340)] could not read dos header from C:\WINDOWS\System32\combase.dll
[0615/205602.967:ERROR:process_memory_win.cc(73)] ReadMemory at 0x7ff894bf0000 of 64 bytes failed: Only part of a ReadProcessMemory or WriteProcessMemory request was completed. (0x12B)
[0615/205602.967:WARNING:pe_image_reader.cc(340)] could not read dos header from C:\WINDOWS\System32\WINTRUST.dll
[0615/205602.967:ERROR:process_memory_win.cc(73)] ReadMemory at 0x7ff894a60000 of 64 bytes failed: Only part of a ReadProcessMemory or WriteProcessMemory request was completed. (0x12B)
[0615/205602.967:WARNING:pe_image_reader.cc(340)] could not read dos header from C:\WINDOWS\System32\CRYPT32.dll
[0615/205602.967:ERROR:process_memory_win.cc(73)] ReadMemory at 0x7ff893aa0000 of 64 bytes failed: Only part of a ReadProcessMemory or WriteProcessMemory request was completed. (0x12B)
[0615/205602.967:WARNING:pe_image_reader.cc(340)] could not read dos header from C:\WINDOWS\SYSTEM32\IPHLPAPI.DLL
[0615/205602.967:ERROR:process_memory_win.cc(73)] ReadMemory at 0x7ff8801b0000 of 64 bytes failed: Only part of a ReadProcessMemory or WriteProcessMemory request was completed. (0x12B)
[0615/205602.967:WARNING:pe_image_reader.cc(340)] could not read dos header from C:\WINDOWS\SYSTEM32\WINMM.dll
[0615/205602.967:ERROR:process_memory_win.cc(73)] ReadMemory at 0x7ff880290000 of 64 bytes failed: Only part of a ReadProcessMemory or WriteProcessMemory request was completed. (0x12B)
[0615/205602.967:WARNING:pe_image_reader.cc(340)] could not read dos header from C:\WINDOWS\SYSTEM32\Secur32.dll
[0615/205602.967:ERROR:process_memory_win.cc(73)] ReadMemory at 0x7ff894500000 of 64 bytes failed: Only part of a ReadProcessMemory or WriteProcessMemory request was completed. (0x12B)
[0615/205602.967:WARNING:pe_image_reader.cc(340)] could not read dos header from C:\WINDOWS\SYSTEM32\USERENV.dll
[0615/205602.967:ERROR:process_memory_win.cc(73)] ReadMemory at 0x7ff85bc40000 of 64 bytes failed: Only part of a ReadProcessMemory or WriteProcessMemory request was completed. (0x12B)
[0615/205602.967:WARNING:pe_image_reader.cc(340)] could not read dos header from C:\WINDOWS\SYSTEM32\UIAutomationCore.DLL
[0615/205602.967:ERROR:process_memory_win.cc(73)] ReadMemory at 0x7ff883a40000 of 64 bytes failed: Only part of a ReadProcessMemory or WriteProcessMemory request was completed. (0x12B)
[0615/205602.968:WARNING:pe_image_reader.cc(340)] could not read dos header from C:\WINDOWS\SYSTEM32\DWrite.dll
[0615/205602.968:ERROR:process_memory_win.cc(73)] ReadMemory at 0x7ff87fcc0000 of 64 bytes failed: Only part of a ReadProcessMemory or WriteProcessMemory request was completed. (0x12B)
[0615/205602.968:WARNING:pe_image_reader.cc(340)] could not read dos header from C:\WINDOWS\SYSTEM32\WINSPOOL.DRV
[0615/205602.968:ERROR:process_memory_win.cc(73)] ReadMemory at 0x7ff892c20000 of 64 bytes failed: Only part of a ReadProcessMemory or WriteProcessMemory request was completed. (0x12B)
[0615/205602.968:WARNING:pe_image_reader.cc(340)] could not read dos header from C:\WINDOWS\SYSTEM32\dbghelp.dll
[0615/205602.968:ERROR:process_memory_win.cc(73)] ReadMemory at 0x7ff88ddb0000 of 64 bytes failed: Only part of a ReadProcessMemory or WriteProcessMemory request was completed. (0x12B)
[0615/205602.968:WARNING:pe_image_reader.cc(340)] could not read dos header from C:\WINDOWS\SYSTEM32\WINHTTP.dll
[0615/205602.968:ERROR:process_memory_win.cc(73)] ReadMemory at 0x7ff88d360000 of 64 bytes failed: Only part of a ReadProcessMemory or WriteProcessMemory request was completed. (0x12B)
[0615/205602.968:WARNING:pe_image_reader.cc(340)] could not read dos header from C:\WINDOWS\SYSTEM32\dhcpcsvc.DLL
[0615/205602.968:ERROR:process_memory_win.cc(73)] ReadMemory at 0x7ff891980000 of 64 bytes failed: Only part of a ReadProcessMemory or WriteProcessMemory request was completed. (0x12B)
[0615/205602.968:WARNING:pe_image_reader.cc(340)] could not read dos header from C:\WINDOWS\SYSTEM32\PROPSYS.dll
[0615/205602.968:ERROR:process_memory_win.cc(73)] ReadMemory at 0x7ff8944c0000 of 64 bytes failed: Only part of a ReadProcessMemory or WriteProcessMemory request was completed. (0x12B)
[0615/205602.968:WARNING:pe_image_reader.cc(340)] could not read dos header from C:\WINDOWS\SYSTEM32\SSPICLI.DLL
[0615/205602.968:ERROR:process_memory_win.cc(73)] ReadMemory at 0x7ff894200000 of 64 bytes failed: Only part of a ReadProcessMemory or WriteProcessMemory request was completed. (0x12B)
[0615/205602.968:WARNING:pe_image_reader.cc(340)] could not read dos header from C:\WINDOWS\System32\MSASN1.dll
[0615/205602.968:ERROR:process_memory_win.cc(73)] ReadMemory at 0x7ff894810000 of 64 bytes failed: Only part of a ReadProcessMemory or WriteProcessMemory request was completed. (0x12B)
[0615/205602.968:WARNING:pe_image_reader.cc(340)] could not read dos header from C:\WINDOWS\System32\bcryptPrimitives.dll
[0615/205602.969:ERROR:process_memory_win.cc(73)] ReadMemory at 0x7ff893fd0000 of 64 bytes failed: Only part of a ReadProcessMemory or WriteProcessMemory request was completed. (0x12B)
[0615/205602.969:WARNING:pe_image_reader.cc(340)] could not read dos header from C:\WINDOWS\SYSTEM32\CRYPTBASE.DLL
[0615/205602.969:ERROR:process_memory_win.cc(73)] ReadMemory at 0x7ff67ac70000 of 64 bytes failed: Only part of a ReadProcessMemory or WriteProcessMemory request was completed. (0x12B)
[0615/205602.969:WARNING:pe_image_reader.cc(340)] could not read dos header from C:\Program Files (x86)\Google\Chrome\Application\chrome.exe
[0615/205602.969:ERROR:process_memory_win.cc(73)] ReadMemory at 0x7ff896eb0000 of 64 bytes failed: Only part of a ReadProcessMemory or WriteProcessMemory request was completed. (0x12B)
[0615/205602.969:WARNING:pe_image_reader.cc(340)] could not read dos header from C:\WINDOWS\SYSTEM32\ntdll.dll
[0615/205602.969:ERROR:process_memory_win.cc(73)] ReadMemory at 0x7ff895680000 of 64 bytes failed: Only part of a ReadProcessMemory or WriteProcessMemory request was completed. (0x12B)
[0615/205602.971:WARNING:pe_image_reader.cc(340)] could not read dos header from C:\WINDOWS\System32\KERNEL32.DLL
[0615/205602.971:ERROR:process_memory_win.cc(73)] ReadMemory at 0x7ff894c50000 of 64 bytes failed: Only part of a ReadProcessMemory or WriteProcessMemory request was completed. (0x12B)
[0615/205602.971:WARNING:pe_image_reader.cc(340)] could not read dos header from C:\WINDOWS\System32\KERNELBASE.dll
[0615/205602.971:ERROR:process_memory_win.cc(73)] ReadMemory at 0x7ff8377b0000 of 64 bytes failed: Only part of a ReadProcessMemory or WriteProcessMemory request was completed. (0x12B)
[0615/205602.971:WARNING:pe_image_reader.cc(340)] could not read dos header from C:\Program Files (x86)\Google\Chrome\Application\83.0.4103.97\chrome_elf.dll
[0615/205602.971:ERROR:process_memory_win.cc(73)] ReadMemory at 0x7ff889a10000 of 64 bytes failed: Only part of a ReadProcessMemory or WriteProcessMemory request was completed. (0x12B)
[0615/205602.971:WARNING:pe_image_reader.cc(340)] could not read dos header from C:\WINDOWS\SYSTEM32\VERSION.dll
[0615/205602.971:ERROR:process_memory_win.cc(73)] ReadMemory at 0x7ff896230000 of 64 bytes failed: Only part of a ReadProcessMemory or WriteProcessMemory request was completed. (0x12B)
[0615/205602.971:WARNING:pe_image_reader.cc(340)] could not read dos header from C:\WINDOWS\System32\msvcrt.dll
[0615/205602.972:ERROR:process_memory_win.cc(73)] ReadMemory at 0x2b064c40000 of 64 bytes failed: Only part of a ReadProcessMemory or WriteProcessMemory request was completed. (0x12B)
[0615/205602.972:WARNING:pe_image_reader.cc(340)] could not read dos header from C:\WINDOWS\System32\ADVAPI32.dll
[0615/205602.972:ERROR:process_memory_win.cc(73)] ReadMemory at 0x7ff894f20000 of 64 bytes failed: Only part of a ReadProcessMemory or WriteProcessMemory request was completed. (0x12B)
[0615/205602.972:WARNING:pe_image_reader.cc(340)] could not read dos header from C:\WINDOWS\System32\sechost.dll
[0615/205602.972:ERROR:process_memory_win.cc(73)] ReadMemory at 0x7ff895e10000 of 64 bytes failed: Only part of a ReadProcessMemory or WriteProcessMemory request was completed. (0x12B)
[0615/205602.972:WARNING:pe_image_reader.cc(340)] could not read dos header from C:\WINDOWS\System32\RPCRT4.dll
[0615/205602.972:ERROR:process_memory_win.cc(73)] ReadMemory at 0x7fffdf120000 of 64 bytes failed: Only part of a ReadProcessMemory or WriteProcessMemory request was completed. (0x12B)
[0615/205602.972:WARNING:pe_image_reader.cc(340)] could not read dos header from C:\Program Files (x86)\Google\Chrome\Application\83.0.4103.97\chrome.dll
[0615/205602.972:ERROR:process_memory_win.cc(73)] ReadMemory at 0x7ff896e00000 of 64 bytes failed: Only part of a ReadProcessMemory or WriteProcessMemory request was completed. (0x12B)
[0615/205602.972:WARNING:pe_image_reader.cc(340)] could not read dos header from C:\WINDOWS\System32\WS2_32.dll
[0615/205602.972:ERROR:process_memory_win.cc(73)] ReadMemory at 0x7ff895530000 of 64 bytes failed: Only part of a ReadProcessMemory or WriteProcessMemory request was completed. (0x12B)
[0615/205602.972:WARNING:pe_image_reader.cc(340)] could not read dos header from C:\WINDOWS\System32\OLEAUT32.dll
[0615/205602.972:ERROR:process_memory_win.cc(73)] ReadMemory at 0x7ff8949c0000 of 64 bytes failed: Only part of a ReadProcessMemory or WriteProcessMemory request was completed. (0x12B)
[0615/205602.972:WARNING:pe_image_reader.cc(340)] could not read dos header from C:\WINDOWS\System32\msvcp_win.dll
[0615/205602.972:ERROR:process_memory_win.cc(73)] ReadMemory at 0x7ff894600000 of 64 bytes failed: Only part of a ReadProcessMemory or WriteProcessMemory request was completed. (0x12B)
[0615/205602.973:WARNING:pe_image_reader.cc(340)] could not read dos header from C:\WINDOWS\System32\ucrtbase.dll
[0615/205602.973:ERROR:process_memory_win.cc(73)] ReadMemory at 0x7ff896300000 of 64 bytes failed: Only part of a ReadProcessMemory or WriteProcessMemory request was completed. (0x12B)
[0615/205602.973:WARNING:pe_image_reader.cc(340)] could not read dos header from C:\WINDOWS\System32\combase.dll
[0615/205602.973:ERROR:process_memory_win.cc(73)] ReadMemory at 0x7ff894bf0000 of 64 bytes failed: Only part of a ReadProcessMemory or WriteProcessMemory request was completed. (0x12B)
[0615/205602.973:WARNING:pe_image_reader.cc(340)] could not read dos header from C:\WINDOWS\System32\WINTRUST.dll
[0615/205602.973:ERROR:process_memory_win.cc(73)] ReadMemory at 0x7ff894a60000 of 64 bytes failed: Only part of a ReadProcessMemory or WriteProcessMemory request was completed. (0x12B)
[0615/205602.974:WARNING:pe_image_reader.cc(340)] could not read dos header from C:\WINDOWS\System32\CRYPT32.dll
[0615/205602.974:ERROR:process_memory_win.cc(73)] ReadMemory at 0x7ff893aa0000 of 64 bytes failed: Only part of a ReadProcessMemory or WriteProcessMemory request was completed. (0x12B)
[0615/205602.975:WARNING:pe_image_reader.cc(340)] could not read dos header from C:\WINDOWS\SYSTEM32\IPHLPAPI.DLL
[0615/205602.975:ERROR:process_memory_win.cc(73)] ReadMemory at 0x7ff8801b0000 of 64 bytes failed: Only part of a ReadProcessMemory or WriteProcessMemory request was completed. (0x12B)
[0615/205602.975:WARNING:pe_image_reader.cc(340)] could not read dos header from C:\WINDOWS\SYSTEM32\WINMM.dll
[0615/205602.976:ERROR:process_memory_win.cc(73)] ReadMemory at 0x7ff880290000 of 64 bytes failed: Only part of a ReadProcessMemory or WriteProcessMemory request was completed. (0x12B)
[0615/205602.976:WARNING:pe_image_reader.cc(340)] could not read dos header from C:\WINDOWS\SYSTEM32\Secur32.dll
[0615/205602.976:ERROR:process_memory_win.cc(73)] ReadMemory at 0x7ff894500000 of 64 bytes failed: Only part of a ReadProcessMemory or WriteProcessMemory request was completed. (0x12B)
[0615/205602.976:WARNING:pe_image_reader.cc(340)] could not read dos header from C:\WINDOWS\SYSTEM32\USERENV.dll
[0615/205602.976:ERROR:process_memory_win.cc(73)] ReadMemory at 0x7ff85bc40000 of 64 bytes failed: Only part of a ReadProcessMemory or WriteProcessMemory request was completed. (0x12B)
[0615/205602.977:WARNING:pe_image_reader.cc(340)] could not read dos header from C:\WINDOWS\SYSTEM32\UIAutomationCore.DLL
[0615/205602.977:ERROR:process_memory_win.cc(73)] ReadMemory at 0x7ff883a40000 of 64 bytes failed: Only part of a ReadProcessMemory or WriteProcessMemory request was completed. (0x12B)
[0615/205602.977:WARNING:pe_image_reader.cc(340)] could not read dos header from C:\WINDOWS\SYSTEM32\DWrite.dll
[0615/205602.977:ERROR:process_memory_win.cc(73)] ReadMemory at 0x7ff87fcc0000 of 64 bytes failed: Only part of a ReadProcessMemory or WriteProcessMemory request was completed. (0x12B)
[0615/205602.977:WARNING:pe_image_reader.cc(340)] could not read dos header from C:\WINDOWS\SYSTEM32\WINSPOOL.DRV
[0615/205602.977:ERROR:process_memory_win.cc(73)] ReadMemory at 0x7ff892c20000 of 64 bytes failed: Only part of a ReadProcessMemory or WriteProcessMemory request was completed. (0x12B)
[0615/205602.977:WARNING:pe_image_reader.cc(340)] could not read dos header from C:\WINDOWS\SYSTEM32\dbghelp.dll
[0615/205602.977:ERROR:process_memory_win.cc(73)] ReadMemory at 0x7ff88ddb0000 of 64 bytes failed: Only part of a ReadProcessMemory or WriteProcessMemory request was completed. (0x12B)
[0615/205602.977:WARNING:pe_image_reader.cc(340)] could not read dos header from C:\WINDOWS\SYSTEM32\WINHTTP.dll
[0615/205602.977:ERROR:process_memory_win.cc(73)] ReadMemory at 0x7ff88d360000 of 64 bytes failed: Only part of a ReadProcessMemory or WriteProcessMemory request was completed. (0x12B)
[0615/205602.977:WARNING:pe_image_reader.cc(340)] could not read dos header from C:\WINDOWS\SYSTEM32\dhcpcsvc.DLL
[0615/205602.977:ERROR:process_memory_win.cc(73)] ReadMemory at 0x7ff891980000 of 64 bytes failed: Only part of a ReadProcessMemory or WriteProcessMemory request was completed. (0x12B)
[0615/205602.977:WARNING:pe_image_reader.cc(340)] could not read dos header from C:\WINDOWS\SYSTEM32\PROPSYS.dll
[0615/205602.977:ERROR:process_memory_win.cc(73)] ReadMemory at 0x7ff8944c0000 of 64 bytes failed: Only part of a ReadProcessMemory or WriteProcessMemory request was completed. (0x12B)
[0615/205602.977:WARNING:pe_image_reader.cc(340)] could not read dos header from C:\WINDOWS\SYSTEM32\SSPICLI.DLL
[0615/205602.977:ERROR:process_memory_win.cc(73)] ReadMemory at 0x7ff894200000 of 64 bytes failed: Only part of a ReadProcessMemory or WriteProcessMemory request was completed. (0x12B)
[0615/205602.977:WARNING:pe_image_reader.cc(340)] could not read dos header from C:\WINDOWS\System32\MSASN1.dll
[0615/205602.977:ERROR:process_memory_win.cc(73)] ReadMemory at 0x7ff894810000 of 64 bytes failed: Only part of a ReadProcessMemory or WriteProcessMemory request was completed. (0x12B)
[0615/205602.977:WARNING:pe_image_reader.cc(340)] could not read dos header from C:\WINDOWS\System32\bcryptPrimitives.dll
[0615/205602.977:ERROR:process_memory_win.cc(73)] ReadMemory at 0x7ff893fd0000 of 64 bytes failed: Only part of a ReadProcessMemory or WriteProcessMemory request was completed. (0x12B)
[0615/205602.977:WARNING:pe_image_reader.cc(340)] could not read dos header from C:\WINDOWS\SYSTEM32\CRYPTBASE.DLL
[0615/205603.002:ERROR:process_memory_win.cc(73)] ReadMemory at 0xe1b0bf6000 of 40960 bytes failed: Only part of a ReadProcessMemory or WriteProcessMemory request was completed. (0x12B)
[0615/205603.002:ERROR:process_memory_win.cc(73)] ReadMemory at 0xe1b13fd000 of 12288 bytes failed: Only part of a ReadProcessMemory or WriteProcessMemory request was completed. (0x12B)
[0615/205603.002:ERROR:process_memory_win.cc(73)] ReadMemory at 0xe1b1bfc000 of 16384 bytes failed: Only part of a ReadProcessMemory or WriteProcessMemory request was completed. (0x12B)
[0615/205603.002:ERROR:process_memory_win.cc(73)] ReadMemory at 0xe1b23ff000 of 4096 bytes failed: Only part of a ReadProcessMemory or WriteProcessMemory request was completed. (0x12B)
[0615/205603.004:ERROR:process_memory_win.cc(73)] ReadMemory at 0xe1b2bfc000 of 16384 bytes failed: Only part of a ReadProcessMemory or WriteProcessMemory request was completed. (0x12B)
[0615/205603.005:ERROR:process_memory_win.cc(73)] ReadMemory at 0xe1b33fe000 of 8192 bytes failed: Only part of a ReadProcessMemory or WriteProcessMemory request was completed. (0x12B)
[0615/205603.006:ERROR:process_memory_win.cc(73)] ReadMemory at 0xe1b3bfd000 of 12288 bytes failed: Only part of a ReadProcessMemory or WriteProcessMemory request was completed. (0x12B)
[0615/205603.006:ERROR:process_memory_win.cc(73)] ReadMemory at 0xe1b43fc000 of 16384 bytes failed: Only part of a ReadProcessMemory or WriteProcessMemory request was completed. (0x12B)
[0615/205603.008:ERROR:process_memory_win.cc(73)] ReadMemory at 0xe1b4bfd000 of 12288 bytes failed: Only part of a ReadProcessMemory or WriteProcessMemory request was completed. (0x12B)
[0615/205603.009:ERROR:process_memory_win.cc(73)] ReadMemory at 0xe1b53fd000 of 12288 bytes failed: Only part of a ReadProcessMemory or WriteProcessMemory request was completed. (0x12B)
[0615/205603.009:ERROR:process_memory_win.cc(73)] ReadMemory at 0xe1b5bfd000 of 12288 bytes failed: Only part of a ReadProcessMemory or WriteProcessMemory request was completed. (0x12B)
[0615/205603.009:ERROR:process_memory_win.cc(73)] ReadMemory at 0xe1b63fd000 of 12288 bytes failed: Only part of a ReadProcessMemory or WriteProcessMemory request was completed. (0x12B)
[0615/205603.009:ERROR:process_memory_win.cc(73)] ReadMemory at 0xe1b6bfd000 of 12288 bytes failed: Only part of a ReadProcessMemory or WriteProcessMemory request was completed. (0x12B)
[0615/205603.009:ERROR:process_memory_win.cc(73)] ReadMemory at 0xe1b73fd000 of 12288 bytes failed: Only part of a ReadProcessMemory or WriteProcessMemory request was completed. (0x12B)
[0615/205603.010:ERROR:process_memory_win.cc(73)] ReadMemory at 0xe1b7bfd000 of 12288 bytes failed: Only part of a ReadProcessMemory or WriteProcessMemory request was completed. (0x12B)
[0615/205603.010:ERROR:process_memory_win.cc(73)] ReadMemory at 0xe1b0293000 of 852 bytes failed: Only part of a ReadProcessMemory or WriteProcessMemory request was completed. (0x12B)
[0615/205603.010:ERROR:process_memory_win.cc(73)] ReadMemory at 0xe1b0294000 of 6024 bytes failed: Only part of a ReadProcessMemory or WriteProcessMemory request was completed. (0x12B)
[0615/205603.010:ERROR:process_memory_win.cc(73)] ReadMemory at 0xe1b0296000 of 6024 bytes failed: Only part of a ReadProcessMemory or WriteProcessMemory request was completed. (0x12B)
[0615/205603.010:ERROR:process_memory_win.cc(73)] ReadMemory at 0xe1b0298000 of 6024 bytes failed: Only part of a ReadProcessMemory or WriteProcessMemory request was completed. (0x12B)
[0615/205603.011:ERROR:process_memory_win.cc(73)] ReadMemory at 0xe1b029a000 of 6024 bytes failed: Only part of a ReadProcessMemory or WriteProcessMemory request was completed. (0x12B)
[0615/205603.011:ERROR:process_memory_win.cc(73)] ReadMemory at 0xe1b029c000 of 6024 bytes failed: Only part of a ReadProcessMemory or WriteProcessMemory request was completed. (0x12B)
[0615/205603.011:ERROR:process_memory_win.cc(73)] ReadMemory at 0xe1b029e000 of 6024 bytes failed: Only part of a ReadProcessMemory or WriteProcessMemory request was completed. (0x12B)
[0615/205603.012:ERROR:process_memory_win.cc(73)] ReadMemory at 0xe1b02a0000 of 6024 bytes failed: Only part of a ReadProcessMemory or WriteProcessMemory request was completed. (0x12B)
[0615/205603.012:ERROR:process_memory_win.cc(73)] ReadMemory at 0xe1b02a2000 of 6024 bytes failed: Only part of a ReadProcessMemory or WriteProcessMemory request was completed. (0x12B)
[0615/205603.012:ERROR:process_memory_win.cc(73)] ReadMemory at 0xe1b02a4000 of 6024 bytes failed: Only part of a ReadProcessMemory or WriteProcessMemory request was completed. (0x12B)
[0615/205603.012:ERROR:process_memory_win.cc(73)] ReadMemory at 0xe1b02a6000 of 6024 bytes failed: Only part of a ReadProcessMemory or WriteProcessMemory request was completed. (0x12B)
[0615/205603.013:ERROR:process_memory_win.cc(73)] ReadMemory at 0xe1b02a8000 of 6024 bytes failed: Only part of a ReadProcessMemory or WriteProcessMemory request was completed. (0x12B)
[0615/205603.013:ERROR:process_memory_win.cc(73)] ReadMemory at 0xe1b02aa000 of 6024 bytes failed: Only part of a ReadProcessMemory or WriteProcessMemory request was completed. (0x12B)
[0615/205603.013:ERROR:process_memory_win.cc(73)] ReadMemory at 0xe1b02ac000 of 6024 bytes failed: Only part of a ReadProcessMemory or WriteProcessMemory request was completed. (0x12B)
[0615/205603.013:ERROR:process_memory_win.cc(73)] ReadMemory at 0xe1b02ae000 of 6024 bytes failed: Only part of a ReadProcessMemory or WriteProcessMemory request was completed. (0x12B)
[0615/205603.013:ERROR:process_memory_win.cc(73)] ReadMemory at 0xe1b02b0000 of 6024 bytes failed: Only part of a ReadProcessMemory or WriteProcessMemory request was completed. (0x12B)
[0615/205603.013:ERROR:process_memory_win.cc(73)] ReadMemory at 0x2b0643569f4 of 512 bytes failed: Only part of a ReadProcessMemory or WriteProcessMemory request was completed. (0x12B)
[0615/205603.014:ERROR:process_memory_win.cc(73)] ReadMemory at 0x2b064520fe0 of 25280 bytes failed: Only part of a ReadProcessMemory or WriteProcessMemory request was completed. (0x12B)
[0615/205603.014:ERROR:process_memory_win.cc(73)] ReadMemory at 0x2b0645272b0 of 1012 bytes failed: Only part of a ReadProcessMemory or WriteProcessMemory request was completed. (0x12B)
[0615/205603.014:ERROR:process_memory_win.cc(73)] ReadMemory at 0x2b0645278f8 of 118 bytes failed: Only part of a ReadProcessMemory or WriteProcessMemory request was completed. (0x12B)
[0615/205603.014:ERROR:process_memory_win.cc(73)] ReadMemory at 0x2b064527970 of 830 bytes failed: Only part of a ReadProcessMemory or WriteProcessMemory request was completed. (0x12B)
[0615/205603.014:ERROR:process_memory_win.cc(73)] ReadMemory at 0x2b064527cb0 of 118 bytes failed: Only part of a ReadProcessMemory or WriteProcessMemory request was completed. (0x12B)
[0615/205603.014:ERROR:process_memory_win.cc(73)] ReadMemory at 0x2b064527d28 of 96 bytes failed: Only part of a ReadProcessMemory or WriteProcessMemory request was completed. (0x12B)
[0615/205603.014:ERROR:process_memory_win.cc(73)] ReadMemory at 0x2b064527da0 of 58 bytes failed: Only part of a ReadProcessMemory or WriteProcessMemory request was completed. (0x12B)
[0615/205603.015:ERROR:process_memory_win.cc(73)] ReadMemory at 0x2b064527ea0 of 132 bytes failed: Only part of a ReadProcessMemory or WriteProcessMemory request was completed. (0x12B)
[0615/205603.015:ERROR:process_memory_win.cc(73)] ReadMemory at 0x2b064528030 of 132 bytes failed: Only part of a ReadProcessMemory or WriteProcessMemory request was completed. (0x12B)
[0615/205603.015:ERROR:process_memory_win.cc(73)] ReadMemory at 0x2b0645281f0 of 124 bytes failed: Only part of a ReadProcessMemory or WriteProcessMemory request was completed. (0x12B)
[0615/205603.016:ERROR:process_memory_win.cc(73)] ReadMemory at 0x2b0645285d0 of 132 bytes failed: Only part of a ReadProcessMemory or WriteProcessMemory request was completed. (0x12B)
[0615/205603.016:ERROR:process_memory_win.cc(73)] ReadMemory at 0x2b064528760 of 64 bytes failed: Only part of a ReadProcessMemory or WriteProcessMemory request was completed. (0x12B)
[0615/205603.016:ERROR:process_memory_win.cc(73)] ReadMemory at 0x2b0645287b0 of 132 bytes failed: Only part of a ReadProcessMemory or WriteProcessMemory request was completed. (0x12B)
[0615/205603.016:ERROR:process_memory_win.cc(73)] ReadMemory at 0x2b0645288e0 of 132 bytes failed: Only part of a ReadProcessMemory or WriteProcessMemory request was completed. (0x12B)
[0615/205603.016:ERROR:process_memory_win.cc(73)] ReadMemory at 0x2b064528be0 of 132 bytes failed: Only part of a ReadProcessMemory or WriteProcessMemory request was completed. (0x12B)
[0615/205603.016:ERROR:process_memory_win.cc(73)] ReadMemory at 0x2b064528d70 of 68 bytes failed: Only part of a ReadProcessMemory or WriteProcessMemory request was completed. (0x12B)
[0615/205603.016:ERROR:process_memory_win.cc(73)] ReadMemory at 0x2b064529d80 of 132 bytes failed: Only part of a ReadProcessMemory or WriteProcessMemory request was completed. (0x12B)
[0615/205603.016:ERROR:process_memory_win.cc(73)] ReadMemory at 0x2b064529fd0 of 152 bytes failed: Only part of a ReadProcessMemory or WriteProcessMemory request was completed. (0x12B)
[0615/205603.016:ERROR:process_memory_win.cc(73)] ReadMemory at 0x2b06452bb10 of 132 bytes failed: Only part of a ReadProcessMemory or WriteProcessMemory request was completed. (0x12B)
[0615/205603.017:ERROR:process_memory_win.cc(73)] ReadMemory at 0x2b06452ccf0 of 62 bytes failed: Only part of a ReadProcessMemory or WriteProcessMemory request was completed. (0x12B)
[0615/205603.017:ERROR:process_memory_win.cc(73)] ReadMemory at 0x2b06452ce50 of 132 bytes failed: Only part of a ReadProcessMemory or WriteProcessMemory request was completed. (0x12B)
[0615/205603.017:ERROR:process_memory_win.cc(73)] ReadMemory at 0x2b06452cf80 of 60 bytes failed: Only part of a ReadProcessMemory or WriteProcessMemory request was completed. (0x12B)
[0615/205603.017:ERROR:process_memory_win.cc(73)] ReadMemory at 0x2b06452d170 of 132 bytes failed: Only part of a ReadProcessMemory or WriteProcessMemory request was completed. (0x12B)
[0615/205603.017:ERROR:process_memory_win.cc(73)] ReadMemory at 0x2b06452fe50 of 144 bytes failed: Only part of a ReadProcessMemory or WriteProcessMemory request was completed. (0x12B)
[0615/205603.017:ERROR:process_memory_win.cc(73)] ReadMemory at 0x2b06452ffc0 of 62 bytes failed: Only part of a ReadProcessMemory or WriteProcessMemory request was completed. (0x12B)
[0615/205603.017:ERROR:process_memory_win.cc(73)] ReadMemory at 0x2b0645301f0 of 62 bytes failed: Only part of a ReadProcessMemory or WriteProcessMemory request was completed. (0x12B)
[0615/205603.018:ERROR:process_memory_win.cc(73)] ReadMemory at 0x2b064530240 of 60 bytes failed: Only part of a ReadProcessMemory or WriteProcessMemory request was completed. (0x12B)
[0615/205603.018:ERROR:process_memory_win.cc(73)] ReadMemory at 0x2b064530420 of 60 bytes failed: Only part of a ReadProcessMemory or WriteProcessMemory request was completed. (0x12B)
[0615/205603.018:ERROR:process_memory_win.cc(73)] ReadMemory at 0x2b064530470 of 64 bytes failed: Only part of a ReadProcessMemory or WriteProcessMemory request was completed. (0x12B)
[0615/205603.018:ERROR:process_memory_win.cc(73)] ReadMemory at 0x2b064530510 of 64 bytes failed: Only part of a ReadProcessMemory or WriteProcessMemory request was completed. (0x12B)
[0615/205603.018:ERROR:process_memory_win.cc(73)] ReadMemory at 0x2b064530560 of 62 bytes failed: Only part of a ReadProcessMemory or WriteProcessMemory request was completed. (0x12B)
[0615/205603.018:ERROR:process_memory_win.cc(73)] ReadMemory at 0x2b064530600 of 66 bytes failed: Only part of a ReadProcessMemory or WriteProcessMemory request was completed. (0x12B)
[0615/205603.019:ERROR:process_memory_win.cc(73)] ReadMemory at 0x2b064530650 of 64 bytes failed: Only part of a ReadProcessMemory or WriteProcessMemory request was completed. (0x12B)
[0615/205603.019:ERROR:process_memory_win.cc(73)] ReadMemory at 0x2b0645306a0 of 64 bytes failed: Only part of a ReadProcessMemory or WriteProcessMemory request was completed. (0x12B)
[0615/205603.019:ERROR:process_memory_win.cc(73)] ReadMemory at 0x2b064530dc0 of 80 bytes failed: Only part of a ReadProcessMemory or WriteProcessMemory request was completed. (0x12B)
[0615/205603.023:ERROR:process_memory_win.cc(73)] ReadMemory at 0x2b064531360 of 80 bytes failed: Only part of a ReadProcessMemory or WriteProcessMemory request was completed. (0x12B)
[0615/205603.023:ERROR:process_memory_win.cc(73)] ReadMemory at 0x2b064536240 of 132 bytes failed: Only part of a ReadProcessMemory or WriteProcessMemory request was completed. (0x12B)
[0615/205603.023:ERROR:process_memory_win.cc(73)] ReadMemory at 0x2b064536370 of 132 bytes failed: Only part of a ReadProcessMemory or WriteProcessMemory request was completed. (0x12B)
[0615/205603.023:ERROR:process_memory_win.cc(73)] ReadMemory at 0x2b0645364a0 of 132 bytes failed: Only part of a ReadProcessMemory or WriteProcessMemory request was completed. (0x12B)
[0615/205603.024:ERROR:process_memory_win.cc(73)] ReadMemory at 0x2b0645365d0 of 132 bytes failed: Only part of a ReadProcessMemory or WriteProcessMemory request was completed. (0x12B)
[0615/205603.024:ERROR:process_memory_win.cc(73)] ReadMemory at 0x2b064536700 of 132 bytes failed: Only part of a ReadProcessMemory or WriteProcessMemory request was completed. (0x12B)
[0615/205603.024:ERROR:process_memory_win.cc(73)] ReadMemory at 0x2b064536830 of 132 bytes failed: Only part of a ReadProcessMemory or WriteProcessMemory request was completed. (0x12B)
[0615/205603.024:ERROR:process_memory_win.cc(73)] ReadMemory at 0x2b064536960 of 132 bytes failed: Only part of a ReadProcessMemory or WriteProcessMemory request was completed. (0x12B)
[0615/205603.025:ERROR:process_memory_win.cc(73)] ReadMemory at 0x2b064536a90 of 132 bytes failed: Only part of a ReadProcessMemory or WriteProcessMemory request was completed. (0x12B)
[0615/205603.025:ERROR:process_memory_win.cc(73)] ReadMemory at 0x2b064536bc0 of 132 bytes failed: Only part of a ReadProcessMemory or WriteProcessMemory request was completed. (0x12B)
[0615/205603.025:ERROR:process_memory_win.cc(73)] ReadMemory at 0x2b064536cf0 of 132 bytes failed: Only part of a ReadProcessMemory or WriteProcessMemory request was completed. (0x12B)
[0615/205603.025:ERROR:process_memory_win.cc(73)] ReadMemory at 0x2b064536e20 of 132 bytes failed: Only part of a ReadProcessMemory or WriteProcessMemory request was completed. (0x12B)
[0615/205603.025:ERROR:process_memory_win.cc(73)] ReadMemory at 0x2b064536f50 of 132 bytes failed: Only part of a ReadProcessMemory or WriteProcessMemory request was completed. (0x12B)
[0615/205603.025:ERROR:process_memory_win.cc(73)] ReadMemory at 0x2b064537d40 of 132 bytes failed: Only part of a ReadProcessMemory or WriteProcessMemory request was completed. (0x12B)
[0615/205603.025:ERROR:process_memory_win.cc(73)] ReadMemory at 0x2b064539530 of 132 bytes failed: Only part of a ReadProcessMemory or WriteProcessMemory request was completed. (0x12B)
[0615/205603.025:ERROR:process_memory_win.cc(73)] ReadMemory at 0x2b064539660 of 132 bytes failed: Only part of a ReadProcessMemory or WriteProcessMemory request was completed. (0x12B)
[0615/205603.026:ERROR:process_memory_win.cc(73)] ReadMemory at 0x2b06453b1a0 of 512 bytes failed: Only part of a ReadProcessMemory or WriteProcessMemory request was completed. (0x12B)
[0615/205603.026:ERROR:process_memory_win.cc(73)] ReadMemory at 0x2b06453e840 of 132 bytes failed: Only part of a ReadProcessMemory or WriteProcessMemory request was completed. (0x12B)
[0615/205603.026:ERROR:process_memory_win.cc(73)] ReadMemory at 0x2b06453eb90 of 132 bytes failed: Only part of a ReadProcessMemory or WriteProcessMemory request was completed. (0x12B)
[0615/205603.026:ERROR:process_memory_win.cc(73)] ReadMemory at 0x2b06453eda0 of 132 bytes failed: Only part of a ReadProcessMemory or WriteProcessMemory request was completed. (0x12B)
[0615/205603.026:ERROR:process_memory_win.cc(73)] ReadMemory at 0x2b06453f090 of 62 bytes failed: Only part of a ReadProcessMemory or WriteProcessMemory request was completed. (0x12B)
[0615/205603.026:ERROR:process_memory_win.cc(73)] ReadMemory at 0x2b06453f0e0 of 60 bytes failed: Only part of a ReadProcessMemory or WriteProcessMemory request was completed. (0x12B)
[0615/205603.027:ERROR:process_memory_win.cc(73)] ReadMemory at 0x2b06453f130 of 62 bytes failed: Only part of a ReadProcessMemory or WriteProcessMemory request was completed. (0x12B)
[0615/205603.027:ERROR:process_memory_win.cc(73)] ReadMemory at 0x2b06453f360 of 62 bytes failed: Only part of a ReadProcessMemory or WriteProcessMemory request was completed. (0x12B)
[0615/205603.027:ERROR:process_memory_win.cc(73)] ReadMemory at 0x2b06453f400 of 62 bytes failed: Only part of a ReadProcessMemory or WriteProcessMemory request was completed. (0x12B)
[0615/205603.027:ERROR:process_memory_win.cc(73)] ReadMemory at 0x2b06453f450 of 58 bytes failed: Only part of a ReadProcessMemory or WriteProcessMemory request was completed. (0x12B)
[0615/205603.027:ERROR:process_memory_win.cc(73)] ReadMemory at 0x2b06453f770 of 62 bytes failed: Only part of a ReadProcessMemory or WriteProcessMemory request was completed. (0x12B)
[0615/205603.027:ERROR:process_memory_win.cc(73)] ReadMemory at 0x2b06453f860 of 64 bytes failed: Only part of a ReadProcessMemory or WriteProcessMemory request was completed. (0x12B)
[0615/205603.027:ERROR:process_memory_win.cc(73)] ReadMemory at 0x2b06453f8b0 of 64 bytes failed: Only part of a ReadProcessMemory or WriteProcessMemory request was completed. (0x12B)
[0615/205603.027:ERROR:process_memory_win.cc(73)] ReadMemory at 0x2b06453f9f0 of 64 bytes failed: Only part of a ReadProcessMemory or WriteProcessMemory request was completed. (0x12B)
[0615/205603.028:ERROR:process_memory_win.cc(73)] ReadMemory at 0x2b06453fbd0 of 60 bytes failed: Only part of a ReadProcessMemory or WriteProcessMemory request was completed. (0x12B)
[0615/205603.028:ERROR:process_memory_win.cc(73)] ReadMemory at 0x2b06453fd60 of 62 bytes failed: Only part of a ReadProcessMemory or WriteProcessMemory request was completed. (0x12B)
[0615/205603.028:ERROR:process_memory_win.cc(73)] ReadMemory at 0x2b064540260 of 132 bytes failed: Only part of a ReadProcessMemory or WriteProcessMemory request was completed. (0x12B)
[0615/205603.028:ERROR:process_memory_win.cc(73)] ReadMemory at 0x2b064540980 of 132 bytes failed: Only part of a ReadProcessMemory or WriteProcessMemory request was completed. (0x12B)
[0615/205603.028:ERROR:process_memory_win.cc(73)] ReadMemory at 0x2b064540ab0 of 132 bytes failed: Only part of a ReadProcessMemory or WriteProcessMemory request was completed. (0x12B)
[0615/205603.028:ERROR:process_memory_win.cc(73)] ReadMemory at 0x2b064541300 of 132 bytes failed: Only part of a ReadProcessMemory or WriteProcessMemory request was completed. (0x12B)
[0615/205603.028:ERROR:process_memory_win.cc(73)] ReadMemory at 0x2b064555e10 of 512 bytes failed: Only part of a ReadProcessMemory or WriteProcessMemory request was completed. (0x12B)
[0615/205603.028:ERROR:process_memory_win.cc(73)] ReadMemory at 0x2b064d11180 of 512 bytes failed: Only part of a ReadProcessMemory or WriteProcessMemory request was completed. (0x12B)
[0615/205603.029:ERROR:process_memory_win.cc(73)] ReadMemory at 0x2b064d80000 of 384 bytes failed: Only part of a ReadProcessMemory or WriteProcessMemory request was completed. (0x12B)
[0615/205603.029:ERROR:process_memory_win.cc(73)] ReadMemory at 0x2b064daa720 of 512 bytes failed: Only part of a ReadProcessMemory or WriteProcessMemory request was completed. (0x12B)
[0615/205603.029:ERROR:process_memory_win.cc(73)] ReadMemory at 0x2b064dab450 of 512 bytes failed: Only part of a ReadProcessMemory or WriteProcessMemory request was completed. (0x12B)
[0615/205603.029:ERROR:process_memory_win.cc(73)] ReadMemory at 0x2b064dbeef0 of 512 bytes failed: Only part of a ReadProcessMemory or WriteProcessMemory request was completed. (0x12B)
[0615/205603.030:ERROR:process_memory_win.cc(73)] ReadMemory at 0x2b064dd3fd0 of 712 bytes failed: Only part of a ReadProcessMemory or WriteProcessMemory request was completed. (0x12B)
[0615/205603.030:ERROR:process_memory_win.cc(73)] ReadMemory at 0x2b064e00510 of 512 bytes failed: Only part of a ReadProcessMemory or WriteProcessMemory request was completed. (0x12B)
[0615/205603.030:ERROR:process_memory_win.cc(73)] ReadMemory at 0x2b066440000 of 384 bytes failed: Only part of a ReadProcessMemory or WriteProcessMemory request was completed. (0x12B)
[0615/205603.030:ERROR:process_memory_win.cc(73)] ReadMemory at 0x2b066496ce0 of 512 bytes failed: Only part of a ReadProcessMemory or WriteProcessMemory request was completed. (0x12B)
[0615/205603.031:ERROR:process_memory_win.cc(73)] ReadMemory at 0x2b06649ba70 of 512 bytes failed: Only part of a ReadProcessMemory or WriteProcessMemory request was completed. (0x12B)
[0615/205603.031:ERROR:process_memory_win.cc(73)] ReadMemory at 0x2b06691a940 of 512 bytes failed: Only part of a ReadProcessMemory or WriteProcessMemory request was completed. (0x12B)
[0615/205603.033:ERROR:process_memory_win.cc(73)] ReadMemory at 0x4892b8288a68 of 512 bytes failed: Only part of a ReadProcessMemory or WriteProcessMemory request was completed. (0x12B)
[0615/205603.033:ERROR:process_memory_win.cc(73)] ReadMemory at 0x7ff896f4ad94 of 672 bytes failed: Only part of a ReadProcessMemory or WriteProcessMemory request was completed. (0x12B)
[0615/205603.033:ERROR:process_memory_win.cc(73)] ReadMemory at 0x7ff896f4b394 of 512 bytes failed: Only part of a ReadProcessMemory or WriteProcessMemory request was completed. (0x12B)
[0615/205603.034:ERROR:process_memory_win.cc(73)] ReadMemory at 0x7ff896f4e704 of 608 bytes failed: Only part of a ReadProcessMemory or WriteProcessMemory request was completed. (0x12B)
[0615/205603.034:ERROR:process_memory_win.cc(73)] ReadMemory at 0x7ff896fdf650 of 18 bytes failed: Only part of a ReadProcessMemory or WriteProcessMemory request was completed. (0x12B)
[0615/205603.035:ERROR:process_memory_win.cc(73)] ReadMemory at 0x7ff8970134f8 of 40 bytes failed: Only part of a ReadProcessMemory or WriteProcessMemory request was completed. (0x12B)
[0615/205603.035:ERROR:process_memory_win.cc(73)] ReadMemory at 0x7ff897013978 of 48 bytes failed: Only part of a ReadProcessMemory or WriteProcessMemory request was completed. (0x12B)
[0615/205603.035:ERROR:process_memory_win.cc(73)] ReadMemory at 0x7ff8970194c0 of 64 bytes failed: Only part of a ReadProcessMemory or WriteProcessMemory request was completed. (0x12B)
[0615/205603.036:ERROR:process_memory_win.cc(73)] ReadMemory at 0x7fffe0fe2710 of 512 bytes failed: Only part of a ReadProcessMemory or WriteProcessMemory request was completed. (0x12B)
[0615/205603.041:ERROR:process_memory_win.cc(73)] ReadMemory at 0x7fffe1333d1c of 512 bytes failed: Only part of a ReadProcessMemory or WriteProcessMemory request was completed. (0x12B)
[0615/205603.042:ERROR:process_memory_win.cc(73)] ReadMemory at 0x7fffe18a818c of 512 bytes failed: Only part of a ReadProcessMemory or WriteProcessMemory request was completed. (0x12B)
[0615/205603.043:ERROR:process_memory_win.cc(73)] ReadMemory at 0x7fffe27d5d51 of 512 bytes failed: Only part of a ReadProcessMemory or WriteProcessMemory request was completed. (0x12B)
[0615/205603.044:ERROR:process_memory_win.cc(73)] ReadMemory at 0x7fffe6a29568 of 512 bytes failed: Only part of a ReadProcessMemory or WriteProcessMemory request was completed. (0x12B)
[0615/205603.050:ERROR:scoped_process_suspend.cc(40)] NtResumeProcess: An attempt was made to access an exiting process. (0xc000010a)
